2020-07-04 04:06:26,982 - instabot version: 0.117.0 (bot) - INFO - Instabot version: 0.117.0 Started
2020-07-04 04:06:26,984 - instabot version: 0.117.0 (bot) - DEBUG - Bot imported from /usr/local/lib/python3.6/dist-packages/instabot/bot/bot.py
2020-07-04 04:06:26,992 - instabot version: 0.117.0 (api_login) - DEBUG - Loading cookies
2020-07-04 04:06:26,994 - instabot version: 0.117.0 (api_login) - DEBUG - Loading uuids
2020-07-04 04:06:26,994 - instabot version: 0.117.0 (api_login) - INFO - Recovery from /home/walt/Desktop/___Code-Categories___/_Social Media_/GodBot_Instagram/config/game_revisto_uuid_and_cookie.json: COOKIE True - UUIDs True - TIMING, DEVICE and ...
- user-agent=Instagram 117.0.0.28.123 Android (28/9.0; 420dpi; 1080x1920; OnePlus; ONEPLUS A3003; OnePlus3; qcom; en_US; 180322800)
- phone_id=883b9c5e-6476-4bfe-8308-d00fdabd9b65
- uuid=92f19669-4b56-4994-a8cf-258a4921fe72
- client_session_id=c82dfb14-4928-497b-91dc-9a0a49b9c14c
- device_id=android-a9674afdf0eb5b2a
2020-07-04 04:06:26,995 - instabot version: 0.117.0 (api_login) - INFO - LOGIN FLOW! Just logged-in: False
2020-07-04 04:06:27,920 - instabot version: 0.117.0 (api) - DEBUG - POST to endpoint: feed/timeline/ returned response: <Response [200]>
2020-07-04 04:06:28,452 - instabot version: 0.117.0 (api) - DEBUG - POST to endpoint: feed/reels_tray/ returned response: <Response [200]>
2020-07-04 04:06:28,455 - instabot version: 0.117.0 (api) - INFO - Logged-in successfully as 'game_revisto'!
2020-07-04 04:06:28,456 - instabot version: 0.117.0 (bot_checkpoint) - DEBUG - Loading Checkpoint file from: /home/walt/Desktop/___Code-Categories___/_Social Media_/GodBot_Instagram/config/game_revisto.checkpoint
2020-07-04 04:06:30,227 - instabot version: 0.117.0 (bot) - INFO - Instabot version: 0.117.0 Started
2020-07-04 04:06:30,228 - instabot version: 0.117.0 (bot) - DEBUG - Bot imported from /usr/local/lib/python3.6/dist-packages/instabot/bot/bot.py
2020-07-04 04:06:30,232 - instabot version: 0.117.0 (api_login) - DEBUG - Loading cookies
2020-07-04 04:06:30,233 - instabot version: 0.117.0 (api_login) - DEBUG - Loading uuids
2020-07-04 04:06:30,234 - instabot version: 0.117.0 (api_login) - INFO - Recovery from /home/walt/Desktop/___Code-Categories___/_Social Media_/GodBot_Instagram/config/game_revisto_uuid_and_cookie.json: COOKIE True - UUIDs True - TIMING, DEVICE and ...
- user-agent=Instagram 117.0.0.28.123 Android (28/9.0; 420dpi; 1080x1920; OnePlus; ONEPLUS A3003; OnePlus3; qcom; en_US; 180322800)
- phone_id=883b9c5e-6476-4bfe-8308-d00fdabd9b65
- uuid=92f19669-4b56-4994-a8cf-258a4921fe72
- client_session_id=c82dfb14-4928-497b-91dc-9a0a49b9c14c
- device_id=android-a9674afdf0eb5b2a
2020-07-04 04:06:30,234 - instabot version: 0.117.0 (api_login) - INFO - LOGIN FLOW! Just logged-in: False
2020-07-04 04:06:31,211 - instabot version: 0.117.0 (api) - DEBUG - POST to endpoint: feed/timeline/ returned response: <Response [200]>
2020-07-04 04:06:31,913 - instabot version: 0.117.0 (api) - DEBUG - POST to endpoint: feed/reels_tray/ returned response: <Response [200]>
2020-07-04 04:06:31,913 - instabot version: 0.117.0 (api) - INFO - Logged-in successfully as 'game_revisto'!
2020-07-04 04:06:31,913 - instabot version: 0.117.0 (bot_checkpoint) - DEBUG - Loading Checkpoint file from: /home/walt/Desktop/___Code-Categories___/_Social Media_/GodBot_Instagram/config/game_revisto.checkpoint
2020-07-04 04:06:31,914 - instabot version: 0.117.0 (bot_checkpoint) - DEBUG - Saving Checkpoint file to: /home/walt/Desktop/___Code-Categories___/_Social Media_/GodBot_Instagram/config/game_revisto.checkpoint
2020-07-04 04:06:31,914 - instabot version: 0.117.0 (bot) - INFO - Total requests: 33
2020-07-04 04:06:31,914 - instabot version: 0.117.0 (bot_checkpoint) - DEBUG - Saving Checkpoint file to: /home/walt/Desktop/___Code-Categories___/_Social Media_/GodBot_Instagram/config/game_revisto.checkpoint
2020-07-04 04:06:31,915 - instabot version: 0.117.0 (bot) - INFO - Total requests: 33
