2020-07-05 16:50:00,466 - instabot version: 0.117.0 (bot) - INFO - Instabot version: 0.117.0 Started
2020-07-05 16:50:00,466 - instabot version: 0.117.0 (bot) - DEBUG - Bot imported from /usr/local/lib/python3.6/dist-packages/instabot/bot/bot.py
2020-07-05 16:50:00,467 - instabot version: 0.117.0 (api_login) - DEBUG - Loading cookies
2020-07-05 16:50:00,470 - instabot version: 0.117.0 (api_login) - DEBUG - Loading uuids
2020-07-05 16:50:00,471 - instabot version: 0.117.0 (api_login) - INFO - Recovery from /home/walt/Desktop/___Code-Categories___/_Social Media_/GodBot_Instagram/config/Game_Revisto_uuid_and_cookie.json: COOKIE True - UUIDs True - TIMING, DEVICE and ...
- user-agent=Instagram 117.0.0.28.123 Android (28/9.0; 420dpi; 1080x1920; OnePlus; ONEPLUS A3003; OnePlus3; qcom; en_US; 180322800)
- phone_id=b697252d-f6d1-45e0-8137-64e31a29a7cf
- uuid=19d2ce08-b2be-42ca-876b-e6047be2a463
- client_session_id=60f5136f-771d-4878-b2eb-8abfbb0b9d38
- device_id=android-1c85790544379d27
2020-07-05 16:50:00,471 - instabot version: 0.117.0 (api_login) - INFO - LOGIN FLOW! Just logged-in: False
2020-07-05 16:50:02,622 - instabot version: 0.117.0 (api) - DEBUG - POST to endpoint: feed/timeline/ returned response: <Response [200]>
2020-07-05 16:50:03,792 - instabot version: 0.117.0 (api) - DEBUG - POST to endpoint: feed/reels_tray/ returned response: <Response [200]>
2020-07-05 16:50:04,771 - instabot version: 0.117.0 (api) - DEBUG - POST to endpoint: direct_v2/ranked_recipients/ returned response: <Response [200]>
2020-07-05 16:50:05,694 - instabot version: 0.117.0 (api) - DEBUG - POST to endpoint: direct_v2/ranked_recipients/ returned response: <Response [200]>
2020-07-05 16:50:25,676 - instabot version: 0.117.0 (api) - DEBUG - POST to endpoint: direct_v2/inbox/ returned response: <Response [200]>
2020-07-05 16:50:29,999 - instabot version: 0.117.0 (api) - DEBUG - GET to endpoint: direct_v2/get_presence/ returned response: <Response [200]>
2020-07-05 16:50:31,710 - instabot version: 0.117.0 (api) - DEBUG - GET to endpoint: news/inbox/?limited_activity=true&show_su=true returned response: <Response [200]>
2020-07-05 16:50:32,511 - instabot version: 0.117.0 (api) - DEBUG - GET to endpoint: users/profile_notice/ returned response: <Response [200]>
2020-07-05 16:50:34,790 - instabot version: 0.117.0 (api) - DEBUG - POST to endpoint: discover/explore/ returned response: <Response [200]>
2020-07-05 16:50:34,800 - instabot version: 0.117.0 (api) - INFO - Logged-in successfully as 'Game_Revisto'!
2020-07-05 16:50:34,802 - instabot version: 0.117.0 (bot_checkpoint) - DEBUG - Loading Checkpoint file from: /home/walt/Desktop/___Code-Categories___/_Social Media_/GodBot_Instagram/config/Game_Revisto.checkpoint
2020-07-05 16:51:18,436 - instabot version: 0.117.0 (bot_checkpoint) - DEBUG - Saving Checkpoint file to: /home/walt/Desktop/___Code-Categories___/_Social Media_/GodBot_Instagram/config/Game_Revisto.checkpoint
2020-07-05 16:51:18,439 - instabot version: 0.117.0 (bot) - INFO - Total requests: 54
