2020-07-03 14:55:38,896 - instabot version: 0.117.0 (bot) - INFO - Instabot version: 0.117.0 Started
2020-07-03 14:55:38,897 - instabot version: 0.117.0 (bot) - DEBUG - Bot imported from /usr/local/lib/python3.6/dist-packages/instabot/bot/bot.py
2020-07-03 14:55:38,899 - instabot version: 0.117.0 (api_login) - DEBUG - Loading cookies
2020-07-03 14:55:38,901 - instabot version: 0.117.0 (api_login) - DEBUG - Loading uuids
2020-07-03 14:55:38,902 - instabot version: 0.117.0 (api_login) - INFO - Recovery from /home/walt/Desktop/___Code-Categories___/_Social Media_/GodBot_Instagram/config/Game_Revisto_uuid_and_cookie.json: COOKIE True - UUIDs True - TIMING, DEVICE and ...
- user-agent=Instagram 117.0.0.28.123 Android (28/9.0; 420dpi; 1080x1920; OnePlus; ONEPLUS A3003; OnePlus3; qcom; en_US; 180322800)
- phone_id=b697252d-f6d1-45e0-8137-64e31a29a7cf
- uuid=19d2ce08-b2be-42ca-876b-e6047be2a463
- client_session_id=289ce587-8def-4d91-bc3c-b3aac4bdc891
- device_id=android-1c85790544379d27
2020-07-03 14:55:38,904 - instabot version: 0.117.0 (api_login) - INFO - LOGIN FLOW! Just logged-in: False
2020-07-03 14:55:40,723 - instabot version: 0.117.0 (api) - DEBUG - POST to endpoint: feed/timeline/ returned response: <Response [200]>
2020-07-03 14:55:44,443 - instabot version: 0.117.0 (api) - DEBUG - POST to endpoint: feed/reels_tray/ returned response: <Response [200]>
2020-07-03 14:55:44,445 - instabot version: 0.117.0 (api) - INFO - Logged-in successfully as 'Game_Revisto'!
2020-07-03 14:55:44,447 - instabot version: 0.117.0 (bot_checkpoint) - DEBUG - Loading Checkpoint file from: /home/walt/Desktop/___Code-Categories___/_Social Media_/GodBot_Instagram/config/Game_Revisto.checkpoint
2020-07-03 14:56:08,866 - instabot version: 0.117.0 (api) - DEBUG - POST to endpoint: media/configure/? returned response: <Response [200]>
2020-07-03 14:56:10,108 - instabot version: 0.117.0 (api) - DEBUG - POST to endpoint: qe/expose/ returned response: <Response [200]>
2020-07-03 14:56:10,109 - instabot version: 0.117.0 (bot_photo) - INFO - Photo '/home/walt/Desktop/___Code-Categories___/_Social Media_/GodBot_Instagram/Downloaded_Instagram_Pictures/CCA9jHjHeIp.jpg' is uploaded.
2020-07-03 15:15:37,185 - instabot version: 0.117.0 (bot) - INFO - Instabot version: 0.117.0 Started
2020-07-03 15:15:37,188 - instabot version: 0.117.0 (bot) - DEBUG - Bot imported from /usr/local/lib/python3.6/dist-packages/instabot/bot/bot.py
2020-07-03 15:15:37,190 - instabot version: 0.117.0 (api_login) - DEBUG - Loading cookies
2020-07-03 15:15:37,191 - instabot version: 0.117.0 (api_login) - DEBUG - Loading uuids
2020-07-03 15:15:37,192 - instabot version: 0.117.0 (api_login) - INFO - Recovery from /home/walt/Desktop/___Code-Categories___/_Social Media_/GodBot_Instagram/config/Game_Revisto_uuid_and_cookie.json: COOKIE True - UUIDs True - TIMING, DEVICE and ...
- user-agent=Instagram 117.0.0.28.123 Android (28/9.0; 420dpi; 1080x1920; OnePlus; ONEPLUS A3003; OnePlus3; qcom; en_US; 180322800)
- phone_id=b697252d-f6d1-45e0-8137-64e31a29a7cf
- uuid=19d2ce08-b2be-42ca-876b-e6047be2a463
- client_session_id=289ce587-8def-4d91-bc3c-b3aac4bdc891
- device_id=android-1c85790544379d27
2020-07-03 15:15:37,194 - instabot version: 0.117.0 (api_login) - INFO - LOGIN FLOW! Just logged-in: False
2020-07-03 15:15:39,242 - instabot version: 0.117.0 (api) - DEBUG - POST to endpoint: feed/timeline/ returned response: <Response [200]>
2020-07-03 15:15:40,675 - instabot version: 0.117.0 (api) - DEBUG - POST to endpoint: feed/reels_tray/ returned response: <Response [200]>
2020-07-03 15:15:43,117 - instabot version: 0.117.0 (api) - DEBUG - POST to endpoint: direct_v2/ranked_recipients/ returned response: <Response [200]>
2020-07-03 15:15:44,098 - instabot version: 0.117.0 (api) - DEBUG - POST to endpoint: direct_v2/ranked_recipients/ returned response: <Response [200]>
2020-07-03 15:15:46,069 - instabot version: 0.117.0 (api) - DEBUG - POST to endpoint: direct_v2/inbox/ returned response: <Response [200]>
2020-07-03 15:15:47,041 - instabot version: 0.117.0 (api) - DEBUG - GET to endpoint: direct_v2/get_presence/ returned response: <Response [200]>
2020-07-03 15:15:50,058 - instabot version: 0.117.0 (api) - DEBUG - GET to endpoint: news/inbox/?limited_activity=true&show_su=true returned response: <Response [200]>
2020-07-03 15:15:51,165 - instabot version: 0.117.0 (api) - DEBUG - GET to endpoint: users/profile_notice/ returned response: <Response [200]>
2020-07-03 15:15:53,249 - instabot version: 0.117.0 (api) - DEBUG - POST to endpoint: discover/explore/ returned response: <Response [200]>
2020-07-03 15:15:53,264 - instabot version: 0.117.0 (api) - INFO - Logged-in successfully as 'Game_Revisto'!
2020-07-03 15:15:53,267 - instabot version: 0.117.0 (bot_checkpoint) - DEBUG - Loading Checkpoint file from: /home/walt/Desktop/___Code-Categories___/_Social Media_/GodBot_Instagram/config/Game_Revisto.checkpoint
2020-07-03 15:16:20,307 - instabot version: 0.117.0 (api) - DEBUG - POST to endpoint: media/configure/? returned response: <Response [200]>
2020-07-03 15:16:21,912 - instabot version: 0.117.0 (api) - DEBUG - POST to endpoint: qe/expose/ returned response: <Response [200]>
2020-07-03 15:16:21,913 - instabot version: 0.117.0 (bot_photo) - INFO - Photo '/home/walt/Desktop/___Code-Categories___/_Social Media_/GodBot_Instagram/Downloaded_Instagram_Pictures/CCLHHDknd4M.jpg' is uploaded.
2020-07-03 15:52:40,618 - instabot version: 0.117.0 (bot) - INFO - Instabot version: 0.117.0 Started
2020-07-03 15:52:40,621 - instabot version: 0.117.0 (bot) - DEBUG - Bot imported from /usr/local/lib/python3.6/dist-packages/instabot/bot/bot.py
2020-07-03 15:52:40,624 - instabot version: 0.117.0 (api_login) - DEBUG - Loading cookies
2020-07-03 15:52:40,626 - instabot version: 0.117.0 (api_login) - DEBUG - Loading uuids
2020-07-03 15:52:40,627 - instabot version: 0.117.0 (api_login) - INFO - Recovery from /home/walt/Desktop/___Code-Categories___/_Social Media_/GodBot_Instagram/config/Game_Revisto_uuid_and_cookie.json: COOKIE True - UUIDs True - TIMING, DEVICE and ...
- user-agent=Instagram 117.0.0.28.123 Android (28/9.0; 420dpi; 1080x1920; OnePlus; ONEPLUS A3003; OnePlus3; qcom; en_US; 180322800)
- phone_id=b697252d-f6d1-45e0-8137-64e31a29a7cf
- uuid=19d2ce08-b2be-42ca-876b-e6047be2a463
- client_session_id=c5b722fe-f43d-422b-a667-a82801c09068
- device_id=android-1c85790544379d27
2020-07-03 15:52:40,632 - instabot version: 0.117.0 (api_login) - INFO - LOGIN FLOW! Just logged-in: False
2020-07-03 15:52:42,330 - instabot version: 0.117.0 (api) - DEBUG - POST to endpoint: feed/timeline/ returned response: <Response [200]>
2020-07-03 15:52:43,457 - instabot version: 0.117.0 (api) - DEBUG - POST to endpoint: feed/reels_tray/ returned response: <Response [200]>
2020-07-03 15:52:44,400 - instabot version: 0.117.0 (api) - DEBUG - POST to endpoint: direct_v2/ranked_recipients/ returned response: <Response [200]>
2020-07-03 15:52:45,304 - instabot version: 0.117.0 (api) - DEBUG - POST to endpoint: direct_v2/ranked_recipients/ returned response: <Response [200]>
2020-07-03 15:52:50,734 - instabot version: 0.117.0 (api) - DEBUG - POST to endpoint: direct_v2/inbox/ returned response: <Response [200]>
2020-07-03 15:52:52,282 - instabot version: 0.117.0 (api) - DEBUG - GET to endpoint: direct_v2/get_presence/ returned response: <Response [200]>
2020-07-03 15:52:54,104 - instabot version: 0.117.0 (api) - DEBUG - GET to endpoint: news/inbox/?limited_activity=true&show_su=true returned response: <Response [200]>
2020-07-03 15:52:54,991 - instabot version: 0.117.0 (api) - DEBUG - GET to endpoint: users/profile_notice/ returned response: <Response [200]>
2020-07-03 15:52:56,463 - instabot version: 0.117.0 (api) - DEBUG - POST to endpoint: discover/explore/ returned response: <Response [200]>
2020-07-03 15:52:56,474 - instabot version: 0.117.0 (api) - INFO - Logged-in successfully as 'Game_Revisto'!
2020-07-03 15:52:56,477 - instabot version: 0.117.0 (bot_checkpoint) - DEBUG - Loading Checkpoint file from: /home/walt/Desktop/___Code-Categories___/_Social Media_/GodBot_Instagram/config/Game_Revisto.checkpoint
2020-07-03 15:53:19,912 - instabot version: 0.117.0 (api) - DEBUG - POST to endpoint: media/configure/? returned response: <Response [200]>
2020-07-03 15:53:20,836 - instabot version: 0.117.0 (api) - DEBUG - POST to endpoint: qe/expose/ returned response: <Response [200]>
2020-07-03 15:53:20,837 - instabot version: 0.117.0 (bot_photo) - INFO - Photo '/home/walt/Desktop/___Code-Categories___/_Social Media_/GodBot_Instagram/Downloaded_Instagram_Pictures/CCAgMMmnkRH.jpg' is uploaded.
