2020-07-02 13:40:25,228 - instabot version: 0.117.0 (bot) - INFO - Instabot version: 0.117.0 Started
2020-07-02 13:40:25,232 - instabot version: 0.117.0 (bot) - DEBUG - Bot imported from /usr/local/lib/python3.6/dist-packages/instabot/bot/bot.py
2020-07-02 13:40:25,235 - instabot version: 0.117.0 (api_login) - DEBUG - Loading cookies
2020-07-02 13:40:25,236 - instabot version: 0.117.0 (api_login) - DEBUG - Loading uuids
2020-07-02 13:40:25,237 - instabot version: 0.117.0 (api_login) - INFO - Recovery from /home/walt/Desktop/___Code Categories___/_Social Media_/Bot_InsrtaCopyPosts (copy)/config/Game_Revisto_uuid_and_cookie.json: COOKIE True - UUIDs True - TIMING, DEVICE and ...
- user-agent=Instagram 117.0.0.28.123 Android (28/9.0; 420dpi; 1080x1920; OnePlus; ONEPLUS A3003; OnePlus3; qcom; en_US; 180322800)
- phone_id=b697252d-f6d1-45e0-8137-64e31a29a7cf
- uuid=19d2ce08-b2be-42ca-876b-e6047be2a463
- client_session_id=a5524eed-2c95-474b-bc65-9d312770ebbc
- device_id=android-1c85790544379d27
2020-07-02 13:40:25,244 - instabot version: 0.117.0 (api_login) - INFO - LOGIN FLOW! Just logged-in: False
2020-07-02 13:40:26,494 - instabot version: 0.117.0 (api) - DEBUG - POST to endpoint: feed/timeline/ returned response: <Response [200]>
2020-07-02 13:40:27,329 - instabot version: 0.117.0 (api) - DEBUG - POST to endpoint: feed/reels_tray/ returned response: <Response [200]>
2020-07-02 13:40:27,331 - instabot version: 0.117.0 (api) - INFO - Logged-in successfully as 'Game_Revisto'!
2020-07-02 13:40:27,333 - instabot version: 0.117.0 (bot_checkpoint) - DEBUG - Loading Checkpoint file from: /home/walt/Desktop/___Code Categories___/_Social Media_/Bot_InsrtaCopyPosts (copy)/config/Game_Revisto.checkpoint
2020-07-02 13:40:51,996 - instabot version: 0.117.0 (api) - DEBUG - POST to endpoint: media/configure/? returned response: <Response [200]>
2020-07-02 13:40:52,630 - instabot version: 0.117.0 (api) - DEBUG - POST to endpoint: qe/expose/ returned response: <Response [200]>
2020-07-02 13:40:52,633 - instabot version: 0.117.0 (bot_photo) - INFO - Photo '/home/walt/Desktop/___Code Categories___/_Social Media_/Bot_InsrtaCopyPosts (copy)/Downloaded_Instagram_Pictures/CCIi6Y4H0oA.jpg' is uploaded.
2020-07-02 13:54:36,233 - instabot version: 0.117.0 (bot) - INFO - Instabot version: 0.117.0 Started
2020-07-02 13:54:36,235 - instabot version: 0.117.0 (bot) - DEBUG - Bot imported from /usr/local/lib/python3.6/dist-packages/instabot/bot/bot.py
2020-07-02 13:54:36,238 - instabot version: 0.117.0 (api_login) - DEBUG - Loading cookies
2020-07-02 13:54:36,240 - instabot version: 0.117.0 (api_login) - DEBUG - Loading uuids
2020-07-02 13:54:36,242 - instabot version: 0.117.0 (api_login) - INFO - Recovery from /home/walt/Desktop/___Code Categories___/_Social Media_/Bot_InsrtaCopyPosts (copy)/config/Game_Revisto_uuid_and_cookie.json: COOKIE True - UUIDs True - TIMING, DEVICE and ...
- user-agent=Instagram 117.0.0.28.123 Android (28/9.0; 420dpi; 1080x1920; OnePlus; ONEPLUS A3003; OnePlus3; qcom; en_US; 180322800)
- phone_id=b697252d-f6d1-45e0-8137-64e31a29a7cf
- uuid=19d2ce08-b2be-42ca-876b-e6047be2a463
- client_session_id=a5524eed-2c95-474b-bc65-9d312770ebbc
- device_id=android-1c85790544379d27
2020-07-02 13:54:36,252 - instabot version: 0.117.0 (api_login) - INFO - LOGIN FLOW! Just logged-in: False
2020-07-02 13:54:37,549 - instabot version: 0.117.0 (api) - DEBUG - POST to endpoint: feed/timeline/ returned response: <Response [200]>
2020-07-02 13:54:38,272 - instabot version: 0.117.0 (api) - DEBUG - POST to endpoint: feed/reels_tray/ returned response: <Response [200]>
2020-07-02 13:54:38,274 - instabot version: 0.117.0 (api) - INFO - Logged-in successfully as 'Game_Revisto'!
2020-07-02 13:54:38,276 - instabot version: 0.117.0 (bot_checkpoint) - DEBUG - Loading Checkpoint file from: /home/walt/Desktop/___Code Categories___/_Social Media_/Bot_InsrtaCopyPosts (copy)/config/Game_Revisto.checkpoint
2020-07-02 13:55:02,130 - instabot version: 0.117.0 (api) - DEBUG - POST to endpoint: media/configure/? returned response: <Response [200]>
2020-07-02 13:55:02,777 - instabot version: 0.117.0 (api) - DEBUG - POST to endpoint: qe/expose/ returned response: <Response [200]>
2020-07-02 13:55:02,778 - instabot version: 0.117.0 (bot_photo) - INFO - Photo '/home/walt/Desktop/___Code Categories___/_Social Media_/Bot_InsrtaCopyPosts (copy)/Downloaded_Instagram_Pictures/CCHFqPljEZ1.jpg' is uploaded.
2020-07-02 14:12:57,209 - instabot version: 0.117.0 (bot) - INFO - Instabot version: 0.117.0 Started
2020-07-02 14:12:57,214 - instabot version: 0.117.0 (bot) - DEBUG - Bot imported from /usr/local/lib/python3.6/dist-packages/instabot/bot/bot.py
2020-07-02 14:12:57,217 - instabot version: 0.117.0 (api_login) - DEBUG - Loading cookies
2020-07-02 14:12:57,219 - instabot version: 0.117.0 (api_login) - DEBUG - Loading uuids
2020-07-02 14:12:57,220 - instabot version: 0.117.0 (api_login) - INFO - Recovery from /home/walt/Desktop/___Code Categories___/_Social Media_/Bot_InsrtaCopyPosts (copy)/config/Game_Revisto_uuid_and_cookie.json: COOKIE True - UUIDs True - TIMING, DEVICE and ...
- user-agent=Instagram 117.0.0.28.123 Android (28/9.0; 420dpi; 1080x1920; OnePlus; ONEPLUS A3003; OnePlus3; qcom; en_US; 180322800)
- phone_id=b697252d-f6d1-45e0-8137-64e31a29a7cf
- uuid=19d2ce08-b2be-42ca-876b-e6047be2a463
- client_session_id=a5524eed-2c95-474b-bc65-9d312770ebbc
- device_id=android-1c85790544379d27
2020-07-02 14:12:57,242 - instabot version: 0.117.0 (api_login) - INFO - LOGIN FLOW! Just logged-in: False
2020-07-02 14:12:58,668 - instabot version: 0.117.0 (api) - DEBUG - POST to endpoint: feed/timeline/ returned response: <Response [200]>
2020-07-02 14:12:59,416 - instabot version: 0.117.0 (api) - DEBUG - POST to endpoint: feed/reels_tray/ returned response: <Response [200]>
2020-07-02 14:13:00,305 - instabot version: 0.117.0 (api) - DEBUG - POST to endpoint: direct_v2/ranked_recipients/ returned response: <Response [200]>
2020-07-02 14:13:01,057 - instabot version: 0.117.0 (api) - DEBUG - POST to endpoint: direct_v2/ranked_recipients/ returned response: <Response [200]>
2020-07-02 14:13:01,943 - instabot version: 0.117.0 (api) - DEBUG - POST to endpoint: direct_v2/inbox/ returned response: <Response [200]>
2020-07-02 14:13:02,628 - instabot version: 0.117.0 (api) - DEBUG - GET to endpoint: direct_v2/get_presence/ returned response: <Response [200]>
2020-07-02 14:13:04,193 - instabot version: 0.117.0 (api) - DEBUG - GET to endpoint: news/inbox/?limited_activity=true&show_su=true returned response: <Response [200]>
2020-07-02 14:13:04,833 - instabot version: 0.117.0 (api) - DEBUG - GET to endpoint: users/profile_notice/ returned response: <Response [200]>
2020-07-02 14:13:06,038 - instabot version: 0.117.0 (api) - DEBUG - POST to endpoint: discover/explore/ returned response: <Response [200]>
2020-07-02 14:13:06,048 - instabot version: 0.117.0 (api) - INFO - Logged-in successfully as 'Game_Revisto'!
2020-07-02 14:13:06,052 - instabot version: 0.117.0 (bot_checkpoint) - DEBUG - Loading Checkpoint file from: /home/walt/Desktop/___Code Categories___/_Social Media_/Bot_InsrtaCopyPosts (copy)/config/Game_Revisto.checkpoint
2020-07-02 14:13:40,346 - instabot version: 0.117.0 (api) - DEBUG - POST to endpoint: media/configure/? returned response: <Response [200]>
2020-07-02 14:13:41,265 - instabot version: 0.117.0 (api) - DEBUG - POST to endpoint: qe/expose/ returned response: <Response [200]>
2020-07-02 14:13:41,270 - instabot version: 0.117.0 (bot_photo) - INFO - Photo '/home/walt/Desktop/___Code Categories___/_Social Media_/Bot_InsrtaCopyPosts (copy)/Downloaded_Instagram_Pictures/CBld_WODxja.jpg' is uploaded.
2020-07-02 14:26:45,391 - instabot version: 0.117.0 (bot) - INFO - Instabot version: 0.117.0 Started
2020-07-02 14:26:45,401 - instabot version: 0.117.0 (bot) - DEBUG - Bot imported from /usr/local/lib/python3.6/dist-packages/instabot/bot/bot.py
2020-07-02 14:26:45,408 - instabot version: 0.117.0 (api_login) - DEBUG - Loading cookies
2020-07-02 14:26:45,413 - instabot version: 0.117.0 (api_login) - DEBUG - Loading uuids
2020-07-02 14:26:45,416 - instabot version: 0.117.0 (api_login) - INFO - Recovery from /home/walt/Desktop/___Code Categories___/_Social Media_/Bot_InsrtaCopyPosts (copy)/config/Game_Revisto_uuid_and_cookie.json: COOKIE True - UUIDs True - TIMING, DEVICE and ...
- user-agent=Instagram 117.0.0.28.123 Android (28/9.0; 420dpi; 1080x1920; OnePlus; ONEPLUS A3003; OnePlus3; qcom; en_US; 180322800)
- phone_id=b697252d-f6d1-45e0-8137-64e31a29a7cf
- uuid=19d2ce08-b2be-42ca-876b-e6047be2a463
- client_session_id=37e1c698-d9c7-4fd1-ac4e-5b689498359b
- device_id=android-1c85790544379d27
2020-07-02 14:26:45,422 - instabot version: 0.117.0 (api_login) - INFO - LOGIN FLOW! Just logged-in: False
2020-07-02 14:26:46,861 - instabot version: 0.117.0 (api) - DEBUG - POST to endpoint: feed/timeline/ returned response: <Response [200]>
2020-07-02 14:26:47,745 - instabot version: 0.117.0 (api) - DEBUG - POST to endpoint: feed/reels_tray/ returned response: <Response [200]>
2020-07-02 14:26:47,753 - instabot version: 0.117.0 (api) - INFO - Logged-in successfully as 'Game_Revisto'!
2020-07-02 14:26:47,763 - instabot version: 0.117.0 (bot_checkpoint) - DEBUG - Loading Checkpoint file from: /home/walt/Desktop/___Code Categories___/_Social Media_/Bot_InsrtaCopyPosts (copy)/config/Game_Revisto.checkpoint
2020-07-02 14:27:11,767 - instabot version: 0.117.0 (api) - DEBUG - POST to endpoint: media/configure/? returned response: <Response [200]>
2020-07-02 14:27:12,690 - instabot version: 0.117.0 (api) - DEBUG - POST to endpoint: qe/expose/ returned response: <Response [200]>
2020-07-02 14:27:12,692 - instabot version: 0.117.0 (bot_photo) - INFO - Photo '/home/walt/Desktop/___Code Categories___/_Social Media_/Bot_InsrtaCopyPosts (copy)/Downloaded_Instagram_Pictures/CCIoXVJpf2X.jpg' is uploaded.
2020-07-02 14:39:37,264 - instabot version: 0.117.0 (bot) - INFO - Instabot version: 0.117.0 Started
2020-07-02 14:39:37,267 - instabot version: 0.117.0 (bot) - DEBUG - Bot imported from /usr/local/lib/python3.6/dist-packages/instabot/bot/bot.py
2020-07-02 14:39:37,271 - instabot version: 0.117.0 (api_login) - DEBUG - Loading cookies
2020-07-02 14:39:37,272 - instabot version: 0.117.0 (api_login) - DEBUG - Loading uuids
2020-07-02 14:39:37,272 - instabot version: 0.117.0 (api_login) - INFO - Recovery from /home/walt/Desktop/___Code Categories___/_Social Media_/Bot_InsrtaCopyPosts (copy)/config/Game_Revisto_uuid_and_cookie.json: COOKIE True - UUIDs True - TIMING, DEVICE and ...
- user-agent=Instagram 117.0.0.28.123 Android (28/9.0; 420dpi; 1080x1920; OnePlus; ONEPLUS A3003; OnePlus3; qcom; en_US; 180322800)
- phone_id=b697252d-f6d1-45e0-8137-64e31a29a7cf
- uuid=19d2ce08-b2be-42ca-876b-e6047be2a463
- client_session_id=37e1c698-d9c7-4fd1-ac4e-5b689498359b
- device_id=android-1c85790544379d27
2020-07-02 14:39:37,280 - instabot version: 0.117.0 (api_login) - INFO - LOGIN FLOW! Just logged-in: False
2020-07-02 14:39:38,681 - instabot version: 0.117.0 (api) - DEBUG - POST to endpoint: feed/timeline/ returned response: <Response [200]>
2020-07-02 14:39:39,708 - instabot version: 0.117.0 (api) - DEBUG - POST to endpoint: feed/reels_tray/ returned response: <Response [200]>
2020-07-02 14:39:39,712 - instabot version: 0.117.0 (api) - INFO - Logged-in successfully as 'Game_Revisto'!
2020-07-02 14:39:39,720 - instabot version: 0.117.0 (bot_checkpoint) - DEBUG - Loading Checkpoint file from: /home/walt/Desktop/___Code Categories___/_Social Media_/Bot_InsrtaCopyPosts (copy)/config/Game_Revisto.checkpoint
2020-07-02 14:40:04,484 - instabot version: 0.117.0 (api) - DEBUG - POST to endpoint: media/configure/? returned response: <Response [200]>
2020-07-02 14:40:05,119 - instabot version: 0.117.0 (api) - DEBUG - POST to endpoint: qe/expose/ returned response: <Response [200]>
2020-07-02 14:40:05,122 - instabot version: 0.117.0 (bot_photo) - INFO - Photo '/home/walt/Desktop/___Code Categories___/_Social Media_/Bot_InsrtaCopyPosts (copy)/Downloaded_Instagram_Pictures/CCIn548DbuY.jpg' is uploaded.
2020-07-02 14:55:41,203 - instabot version: 0.117.0 (bot) - INFO - Instabot version: 0.117.0 Started
2020-07-02 14:55:41,210 - instabot version: 0.117.0 (bot) - DEBUG - Bot imported from /usr/local/lib/python3.6/dist-packages/instabot/bot/bot.py
2020-07-02 14:55:41,211 - instabot version: 0.117.0 (api_login) - DEBUG - Loading cookies
2020-07-02 14:55:41,212 - instabot version: 0.117.0 (api_login) - DEBUG - Loading uuids
2020-07-02 14:55:41,214 - instabot version: 0.117.0 (api_login) - INFO - Recovery from /home/walt/Desktop/___Code Categories___/_Social Media_/Bot_InsrtaCopyPosts (copy)/config/Game_Revisto_uuid_and_cookie.json: COOKIE True - UUIDs True - TIMING, DEVICE and ...
- user-agent=Instagram 117.0.0.28.123 Android (28/9.0; 420dpi; 1080x1920; OnePlus; ONEPLUS A3003; OnePlus3; qcom; en_US; 180322800)
- phone_id=b697252d-f6d1-45e0-8137-64e31a29a7cf
- uuid=19d2ce08-b2be-42ca-876b-e6047be2a463
- client_session_id=37e1c698-d9c7-4fd1-ac4e-5b689498359b
- device_id=android-1c85790544379d27
2020-07-02 14:55:41,221 - instabot version: 0.117.0 (api_login) - INFO - LOGIN FLOW! Just logged-in: False
2020-07-02 14:55:42,581 - instabot version: 0.117.0 (api) - DEBUG - POST to endpoint: feed/timeline/ returned response: <Response [200]>
2020-07-02 14:55:43,332 - instabot version: 0.117.0 (api) - DEBUG - POST to endpoint: feed/reels_tray/ returned response: <Response [200]>
2020-07-02 14:55:44,050 - instabot version: 0.117.0 (api) - DEBUG - POST to endpoint: direct_v2/ranked_recipients/ returned response: <Response [200]>
2020-07-02 14:55:44,792 - instabot version: 0.117.0 (api) - DEBUG - POST to endpoint: direct_v2/ranked_recipients/ returned response: <Response [200]>
2020-07-02 14:55:45,658 - instabot version: 0.117.0 (api) - DEBUG - POST to endpoint: direct_v2/inbox/ returned response: <Response [200]>
2020-07-02 14:55:46,400 - instabot version: 0.117.0 (api) - DEBUG - GET to endpoint: direct_v2/get_presence/ returned response: <Response [200]>
2020-07-02 14:55:48,114 - instabot version: 0.117.0 (api) - DEBUG - GET to endpoint: news/inbox/?limited_activity=true&show_su=true returned response: <Response [200]>
2020-07-02 14:55:48,744 - instabot version: 0.117.0 (api) - DEBUG - GET to endpoint: users/profile_notice/ returned response: <Response [200]>
2020-07-02 14:55:49,703 - instabot version: 0.117.0 (api) - DEBUG - POST to endpoint: discover/explore/ returned response: <Response [200]>
2020-07-02 14:55:49,711 - instabot version: 0.117.0 (api) - INFO - Logged-in successfully as 'Game_Revisto'!
2020-07-02 14:55:49,715 - instabot version: 0.117.0 (bot_checkpoint) - DEBUG - Loading Checkpoint file from: /home/walt/Desktop/___Code Categories___/_Social Media_/Bot_InsrtaCopyPosts (copy)/config/Game_Revisto.checkpoint
2020-07-02 14:56:14,430 - instabot version: 0.117.0 (api) - DEBUG - POST to endpoint: media/configure/? returned response: <Response [200]>
2020-07-02 14:56:15,251 - instabot version: 0.117.0 (api) - DEBUG - POST to endpoint: qe/expose/ returned response: <Response [200]>
2020-07-02 14:56:15,252 - instabot version: 0.117.0 (bot_photo) - INFO - Photo '/home/walt/Desktop/___Code Categories___/_Social Media_/Bot_InsrtaCopyPosts (copy)/Downloaded_Instagram_Pictures/CCHWvvYjwJW.jpg' is uploaded.
2020-07-02 15:09:38,073 - instabot version: 0.117.0 (bot) - INFO - Instabot version: 0.117.0 Started
2020-07-02 15:09:38,086 - instabot version: 0.117.0 (bot) - DEBUG - Bot imported from /usr/local/lib/python3.6/dist-packages/instabot/bot/bot.py
2020-07-02 15:09:38,090 - instabot version: 0.117.0 (api_login) - DEBUG - Loading cookies
2020-07-02 15:09:38,093 - instabot version: 0.117.0 (api_login) - DEBUG - Loading uuids
2020-07-02 15:09:38,095 - instabot version: 0.117.0 (api_login) - INFO - Recovery from /home/walt/Desktop/___Code Categories___/_Social Media_/Bot_InsrtaCopyPosts (copy)/config/Game_Revisto_uuid_and_cookie.json: COOKIE True - UUIDs True - TIMING, DEVICE and ...
- user-agent=Instagram 117.0.0.28.123 Android (28/9.0; 420dpi; 1080x1920; OnePlus; ONEPLUS A3003; OnePlus3; qcom; en_US; 180322800)
- phone_id=b697252d-f6d1-45e0-8137-64e31a29a7cf
- uuid=19d2ce08-b2be-42ca-876b-e6047be2a463
- client_session_id=27e1a7d2-34e7-41b1-a97c-4caa7adccf70
- device_id=android-1c85790544379d27
2020-07-02 15:09:38,118 - instabot version: 0.117.0 (api_login) - INFO - LOGIN FLOW! Just logged-in: False
2020-07-02 15:09:39,402 - instabot version: 0.117.0 (api) - DEBUG - POST to endpoint: feed/timeline/ returned response: <Response [200]>
2020-07-02 15:09:40,432 - instabot version: 0.117.0 (api) - DEBUG - POST to endpoint: feed/reels_tray/ returned response: <Response [200]>
2020-07-02 15:09:40,434 - instabot version: 0.117.0 (api) - INFO - Logged-in successfully as 'Game_Revisto'!
2020-07-02 15:09:40,435 - instabot version: 0.117.0 (bot_checkpoint) - DEBUG - Loading Checkpoint file from: /home/walt/Desktop/___Code Categories___/_Social Media_/Bot_InsrtaCopyPosts (copy)/config/Game_Revisto.checkpoint
2020-07-02 15:10:03,880 - instabot version: 0.117.0 (api) - DEBUG - POST to endpoint: media/configure/? returned response: <Response [200]>
2020-07-02 15:10:04,666 - instabot version: 0.117.0 (api) - DEBUG - POST to endpoint: qe/expose/ returned response: <Response [200]>
2020-07-02 15:10:04,669 - instabot version: 0.117.0 (bot_photo) - INFO - Photo '/home/walt/Desktop/___Code Categories___/_Social Media_/Bot_InsrtaCopyPosts (copy)/Downloaded_Instagram_Pictures/CCIdy4Kn85c.jpg' is uploaded.
2020-07-02 15:25:05,766 - instabot version: 0.117.0 (bot) - INFO - Instabot version: 0.117.0 Started
2020-07-02 15:25:05,770 - instabot version: 0.117.0 (bot) - DEBUG - Bot imported from /usr/local/lib/python3.6/dist-packages/instabot/bot/bot.py
2020-07-02 15:25:05,771 - instabot version: 0.117.0 (api_login) - DEBUG - Loading cookies
2020-07-02 15:25:05,772 - instabot version: 0.117.0 (api_login) - DEBUG - Loading uuids
2020-07-02 15:25:05,773 - instabot version: 0.117.0 (api_login) - INFO - Recovery from /home/walt/Desktop/___Code Categories___/_Social Media_/Bot_InsrtaCopyPosts (copy)/config/Game_Revisto_uuid_and_cookie.json: COOKIE True - UUIDs True - TIMING, DEVICE and ...
- user-agent=Instagram 117.0.0.28.123 Android (28/9.0; 420dpi; 1080x1920; OnePlus; ONEPLUS A3003; OnePlus3; qcom; en_US; 180322800)
- phone_id=b697252d-f6d1-45e0-8137-64e31a29a7cf
- uuid=19d2ce08-b2be-42ca-876b-e6047be2a463
- client_session_id=27e1a7d2-34e7-41b1-a97c-4caa7adccf70
- device_id=android-1c85790544379d27
2020-07-02 15:25:05,791 - instabot version: 0.117.0 (api_login) - INFO - LOGIN FLOW! Just logged-in: False
2020-07-02 15:25:07,065 - instabot version: 0.117.0 (api) - DEBUG - POST to endpoint: feed/timeline/ returned response: <Response [200]>
2020-07-02 15:25:07,867 - instabot version: 0.117.0 (api) - DEBUG - POST to endpoint: feed/reels_tray/ returned response: <Response [200]>
2020-07-02 15:25:07,871 - instabot version: 0.117.0 (api) - INFO - Logged-in successfully as 'Game_Revisto'!
2020-07-02 15:25:07,874 - instabot version: 0.117.0 (bot_checkpoint) - DEBUG - Loading Checkpoint file from: /home/walt/Desktop/___Code Categories___/_Social Media_/Bot_InsrtaCopyPosts (copy)/config/Game_Revisto.checkpoint
2020-07-02 15:25:32,361 - instabot version: 0.117.0 (api) - DEBUG - POST to endpoint: media/configure/? returned response: <Response [200]>
2020-07-02 15:25:33,033 - instabot version: 0.117.0 (api) - DEBUG - POST to endpoint: qe/expose/ returned response: <Response [200]>
2020-07-02 15:25:33,036 - instabot version: 0.117.0 (bot_photo) - INFO - Photo '/home/walt/Desktop/___Code Categories___/_Social Media_/Bot_InsrtaCopyPosts (copy)/Downloaded_Instagram_Pictures/CCIeevBDSFF.jpg' is uploaded.
2020-07-02 15:41:05,566 - instabot version: 0.117.0 (bot) - INFO - Instabot version: 0.117.0 Started
2020-07-02 15:41:05,571 - instabot version: 0.117.0 (bot) - DEBUG - Bot imported from /usr/local/lib/python3.6/dist-packages/instabot/bot/bot.py
2020-07-02 15:41:05,572 - instabot version: 0.117.0 (api_login) - DEBUG - Loading cookies
2020-07-02 15:41:05,573 - instabot version: 0.117.0 (api_login) - DEBUG - Loading uuids
2020-07-02 15:41:05,574 - instabot version: 0.117.0 (api_login) - INFO - Recovery from /home/walt/Desktop/___Code Categories___/_Social Media_/Bot_InsrtaCopyPosts (copy)/config/Game_Revisto_uuid_and_cookie.json: COOKIE True - UUIDs True - TIMING, DEVICE and ...
- user-agent=Instagram 117.0.0.28.123 Android (28/9.0; 420dpi; 1080x1920; OnePlus; ONEPLUS A3003; OnePlus3; qcom; en_US; 180322800)
- phone_id=b697252d-f6d1-45e0-8137-64e31a29a7cf
- uuid=19d2ce08-b2be-42ca-876b-e6047be2a463
- client_session_id=27e1a7d2-34e7-41b1-a97c-4caa7adccf70
- device_id=android-1c85790544379d27
2020-07-02 15:41:05,578 - instabot version: 0.117.0 (api_login) - INFO - LOGIN FLOW! Just logged-in: False
2020-07-02 15:41:06,977 - instabot version: 0.117.0 (api) - DEBUG - POST to endpoint: feed/timeline/ returned response: <Response [200]>
2020-07-02 15:41:07,707 - instabot version: 0.117.0 (api) - DEBUG - POST to endpoint: feed/reels_tray/ returned response: <Response [200]>
2020-07-02 15:41:08,442 - instabot version: 0.117.0 (api) - DEBUG - POST to endpoint: direct_v2/ranked_recipients/ returned response: <Response [200]>
2020-07-02 15:41:09,253 - instabot version: 0.117.0 (api) - DEBUG - POST to endpoint: direct_v2/ranked_recipients/ returned response: <Response [200]>
2020-07-02 15:41:10,155 - instabot version: 0.117.0 (api) - DEBUG - POST to endpoint: direct_v2/inbox/ returned response: <Response [200]>
2020-07-02 15:41:10,890 - instabot version: 0.117.0 (api) - DEBUG - GET to endpoint: direct_v2/get_presence/ returned response: <Response [200]>
2020-07-02 15:41:12,610 - instabot version: 0.117.0 (api) - DEBUG - GET to endpoint: news/inbox/?limited_activity=true&show_su=true returned response: <Response [200]>
2020-07-02 15:41:13,339 - instabot version: 0.117.0 (api) - DEBUG - GET to endpoint: users/profile_notice/ returned response: <Response [200]>
2020-07-02 15:41:14,452 - instabot version: 0.117.0 (api) - DEBUG - POST to endpoint: discover/explore/ returned response: <Response [200]>
2020-07-02 15:41:14,457 - instabot version: 0.117.0 (api) - INFO - Logged-in successfully as 'Game_Revisto'!
2020-07-02 15:41:14,460 - instabot version: 0.117.0 (bot_checkpoint) - DEBUG - Loading Checkpoint file from: /home/walt/Desktop/___Code Categories___/_Social Media_/Bot_InsrtaCopyPosts (copy)/config/Game_Revisto.checkpoint
2020-07-02 15:41:39,136 - instabot version: 0.117.0 (api) - DEBUG - POST to endpoint: media/configure/? returned response: <Response [200]>
2020-07-02 15:41:39,783 - instabot version: 0.117.0 (api) - DEBUG - POST to endpoint: qe/expose/ returned response: <Response [200]>
2020-07-02 15:41:39,785 - instabot version: 0.117.0 (bot_photo) - INFO - Photo '/home/walt/Desktop/___Code Categories___/_Social Media_/Bot_InsrtaCopyPosts (copy)/Downloaded_Instagram_Pictures/CCGeQsGDVig.jpg' is uploaded.
2020-07-02 15:57:17,581 - instabot version: 0.117.0 (bot) - INFO - Instabot version: 0.117.0 Started
2020-07-02 15:57:17,585 - instabot version: 0.117.0 (bot) - DEBUG - Bot imported from /usr/local/lib/python3.6/dist-packages/instabot/bot/bot.py
2020-07-02 15:57:17,587 - instabot version: 0.117.0 (api_login) - DEBUG - Loading cookies
2020-07-02 15:57:17,589 - instabot version: 0.117.0 (api_login) - DEBUG - Loading uuids
2020-07-02 15:57:17,590 - instabot version: 0.117.0 (api_login) - INFO - Recovery from /home/walt/Desktop/___Code Categories___/_Social Media_/Bot_InsrtaCopyPosts (copy)/config/Game_Revisto_uuid_and_cookie.json: COOKIE True - UUIDs True - TIMING, DEVICE and ...
- user-agent=Instagram 117.0.0.28.123 Android (28/9.0; 420dpi; 1080x1920; OnePlus; ONEPLUS A3003; OnePlus3; qcom; en_US; 180322800)
- phone_id=b697252d-f6d1-45e0-8137-64e31a29a7cf
- uuid=19d2ce08-b2be-42ca-876b-e6047be2a463
- client_session_id=c47bd34a-f85a-46f2-ba7f-7383b7b27509
- device_id=android-1c85790544379d27
2020-07-02 15:57:17,611 - instabot version: 0.117.0 (api_login) - INFO - LOGIN FLOW! Just logged-in: False
2020-07-02 15:57:18,958 - instabot version: 0.117.0 (api) - DEBUG - POST to endpoint: feed/timeline/ returned response: <Response [200]>
2020-07-02 15:57:19,784 - instabot version: 0.117.0 (api) - DEBUG - POST to endpoint: feed/reels_tray/ returned response: <Response [200]>
2020-07-02 15:57:19,788 - instabot version: 0.117.0 (api) - INFO - Logged-in successfully as 'Game_Revisto'!
2020-07-02 15:57:19,795 - instabot version: 0.117.0 (bot_checkpoint) - DEBUG - Loading Checkpoint file from: /home/walt/Desktop/___Code Categories___/_Social Media_/Bot_InsrtaCopyPosts (copy)/config/Game_Revisto.checkpoint
2020-07-02 15:57:41,558 - instabot version: 0.117.0 (api) - DEBUG - POST to endpoint: media/configure/? returned response: <Response [200]>
2020-07-02 15:57:42,321 - instabot version: 0.117.0 (api) - DEBUG - POST to endpoint: qe/expose/ returned response: <Response [200]>
2020-07-02 15:57:42,323 - instabot version: 0.117.0 (bot_photo) - INFO - Photo '/home/walt/Desktop/___Code Categories___/_Social Media_/Bot_InsrtaCopyPosts (copy)/Downloaded_Instagram_Pictures/CCITmVqAH4N.jpg' is uploaded.
2020-07-02 16:09:38,937 - instabot version: 0.117.0 (bot) - INFO - Instabot version: 0.117.0 Started
2020-07-02 16:09:38,942 - instabot version: 0.117.0 (bot) - DEBUG - Bot imported from /usr/local/lib/python3.6/dist-packages/instabot/bot/bot.py
2020-07-02 16:09:38,946 - instabot version: 0.117.0 (api_login) - DEBUG - Loading cookies
2020-07-02 16:09:38,949 - instabot version: 0.117.0 (api_login) - DEBUG - Loading uuids
2020-07-02 16:09:38,952 - instabot version: 0.117.0 (api_login) - INFO - Recovery from /home/walt/Desktop/___Code Categories___/_Social Media_/Bot_InsrtaCopyPosts (copy)/config/Game_Revisto_uuid_and_cookie.json: COOKIE True - UUIDs True - TIMING, DEVICE and ...
- user-agent=Instagram 117.0.0.28.123 Android (28/9.0; 420dpi; 1080x1920; OnePlus; ONEPLUS A3003; OnePlus3; qcom; en_US; 180322800)
- phone_id=b697252d-f6d1-45e0-8137-64e31a29a7cf
- uuid=19d2ce08-b2be-42ca-876b-e6047be2a463
- client_session_id=c47bd34a-f85a-46f2-ba7f-7383b7b27509
- device_id=android-1c85790544379d27
2020-07-02 16:09:38,983 - instabot version: 0.117.0 (api_login) - INFO - LOGIN FLOW! Just logged-in: False
2020-07-02 16:09:40,244 - instabot version: 0.117.0 (api) - DEBUG - POST to endpoint: feed/timeline/ returned response: <Response [200]>
2020-07-02 16:09:41,047 - instabot version: 0.117.0 (api) - DEBUG - POST to endpoint: feed/reels_tray/ returned response: <Response [200]>
2020-07-02 16:09:41,048 - instabot version: 0.117.0 (api) - INFO - Logged-in successfully as 'Game_Revisto'!
2020-07-02 16:09:41,050 - instabot version: 0.117.0 (bot_checkpoint) - DEBUG - Loading Checkpoint file from: /home/walt/Desktop/___Code Categories___/_Social Media_/Bot_InsrtaCopyPosts (copy)/config/Game_Revisto.checkpoint
2020-07-02 16:10:06,666 - instabot version: 0.117.0 (api) - DEBUG - POST to endpoint: media/configure/? returned response: <Response [200]>
2020-07-02 16:10:07,304 - instabot version: 0.117.0 (api) - DEBUG - POST to endpoint: qe/expose/ returned response: <Response [200]>
2020-07-02 16:10:07,307 - instabot version: 0.117.0 (bot_photo) - INFO - Photo '/home/walt/Desktop/___Code Categories___/_Social Media_/Bot_InsrtaCopyPosts (copy)/Downloaded_Instagram_Pictures/CCIc2CRDbNH.jpg' is uploaded.
2020-07-02 16:25:40,064 - instabot version: 0.117.0 (bot) - INFO - Instabot version: 0.117.0 Started
2020-07-02 16:25:40,066 - instabot version: 0.117.0 (bot) - DEBUG - Bot imported from /usr/local/lib/python3.6/dist-packages/instabot/bot/bot.py
2020-07-02 16:25:40,069 - instabot version: 0.117.0 (api_login) - DEBUG - Loading cookies
2020-07-02 16:25:40,070 - instabot version: 0.117.0 (api_login) - DEBUG - Loading uuids
2020-07-02 16:25:40,072 - instabot version: 0.117.0 (api_login) - INFO - Recovery from /home/walt/Desktop/___Code Categories___/_Social Media_/Bot_InsrtaCopyPosts (copy)/config/Game_Revisto_uuid_and_cookie.json: COOKIE True - UUIDs True - TIMING, DEVICE and ...
- user-agent=Instagram 117.0.0.28.123 Android (28/9.0; 420dpi; 1080x1920; OnePlus; ONEPLUS A3003; OnePlus3; qcom; en_US; 180322800)
- phone_id=b697252d-f6d1-45e0-8137-64e31a29a7cf
- uuid=19d2ce08-b2be-42ca-876b-e6047be2a463
- client_session_id=c47bd34a-f85a-46f2-ba7f-7383b7b27509
- device_id=android-1c85790544379d27
2020-07-02 16:25:40,099 - instabot version: 0.117.0 (api_login) - INFO - LOGIN FLOW! Just logged-in: False
2020-07-02 16:25:41,371 - instabot version: 0.117.0 (api) - DEBUG - POST to endpoint: feed/timeline/ returned response: <Response [200]>
2020-07-02 16:25:42,193 - instabot version: 0.117.0 (api) - DEBUG - POST to endpoint: feed/reels_tray/ returned response: <Response [200]>
2020-07-02 16:25:42,829 - instabot version: 0.117.0 (api) - DEBUG - POST to endpoint: direct_v2/ranked_recipients/ returned response: <Response [200]>
2020-07-02 16:25:43,446 - instabot version: 0.117.0 (api) - DEBUG - POST to endpoint: direct_v2/ranked_recipients/ returned response: <Response [200]>
2020-07-02 16:25:44,349 - instabot version: 0.117.0 (api) - DEBUG - POST to endpoint: direct_v2/inbox/ returned response: <Response [200]>
2020-07-02 16:25:45,005 - instabot version: 0.117.0 (api) - DEBUG - GET to endpoint: direct_v2/get_presence/ returned response: <Response [200]>
2020-07-02 16:25:46,493 - instabot version: 0.117.0 (api) - DEBUG - GET to endpoint: news/inbox/?limited_activity=true&show_su=true returned response: <Response [200]>
2020-07-02 16:25:47,225 - instabot version: 0.117.0 (api) - DEBUG - GET to endpoint: users/profile_notice/ returned response: <Response [200]>
2020-07-02 16:25:48,263 - instabot version: 0.117.0 (api) - DEBUG - POST to endpoint: discover/explore/ returned response: <Response [200]>
2020-07-02 16:25:48,280 - instabot version: 0.117.0 (api) - INFO - Logged-in successfully as 'Game_Revisto'!
2020-07-02 16:25:48,287 - instabot version: 0.117.0 (bot_checkpoint) - DEBUG - Loading Checkpoint file from: /home/walt/Desktop/___Code Categories___/_Social Media_/Bot_InsrtaCopyPosts (copy)/config/Game_Revisto.checkpoint
2020-07-02 16:26:13,018 - instabot version: 0.117.0 (api) - DEBUG - POST to endpoint: media/configure/? returned response: <Response [200]>
2020-07-02 16:26:13,774 - instabot version: 0.117.0 (api) - DEBUG - POST to endpoint: qe/expose/ returned response: <Response [200]>
2020-07-02 16:26:13,776 - instabot version: 0.117.0 (bot_photo) - INFO - Photo '/home/walt/Desktop/___Code Categories___/_Social Media_/Bot_InsrtaCopyPosts (copy)/Downloaded_Instagram_Pictures/CBirv2Rj0zF.jpg' is uploaded.
2020-07-02 16:45:10,953 - instabot version: 0.117.0 (bot) - INFO - Instabot version: 0.117.0 Started
2020-07-02 16:45:10,969 - instabot version: 0.117.0 (bot) - DEBUG - Bot imported from /usr/local/lib/python3.6/dist-packages/instabot/bot/bot.py
2020-07-02 16:45:10,973 - instabot version: 0.117.0 (api_login) - DEBUG - Loading cookies
2020-07-02 16:45:10,976 - instabot version: 0.117.0 (api_login) - DEBUG - Loading uuids
2020-07-02 16:45:10,978 - instabot version: 0.117.0 (api_login) - INFO - Recovery from /home/walt/Desktop/___Code Categories___/_Social Media_/Bot_InsrtaCopyPosts (copy)/config/Game_Revisto_uuid_and_cookie.json: COOKIE True - UUIDs True - TIMING, DEVICE and ...
- user-agent=Instagram 117.0.0.28.123 Android (28/9.0; 420dpi; 1080x1920; OnePlus; ONEPLUS A3003; OnePlus3; qcom; en_US; 180322800)
- phone_id=b697252d-f6d1-45e0-8137-64e31a29a7cf
- uuid=19d2ce08-b2be-42ca-876b-e6047be2a463
- client_session_id=1975e1a7-b8d6-42e6-8839-d653bb8c94c1
- device_id=android-1c85790544379d27
2020-07-02 16:45:10,984 - instabot version: 0.117.0 (api_login) - INFO - LOGIN FLOW! Just logged-in: False
2020-07-02 16:45:12,307 - instabot version: 0.117.0 (api) - DEBUG - POST to endpoint: feed/timeline/ returned response: <Response [200]>
2020-07-02 16:45:13,168 - instabot version: 0.117.0 (api) - DEBUG - POST to endpoint: feed/reels_tray/ returned response: <Response [200]>
2020-07-02 16:45:13,176 - instabot version: 0.117.0 (api) - INFO - Logged-in successfully as 'Game_Revisto'!
2020-07-02 16:45:13,184 - instabot version: 0.117.0 (bot_checkpoint) - DEBUG - Loading Checkpoint file from: /home/walt/Desktop/___Code Categories___/_Social Media_/Bot_InsrtaCopyPosts (copy)/config/Game_Revisto.checkpoint
2020-07-02 16:45:35,369 - instabot version: 0.117.0 (api) - DEBUG - POST to endpoint: media/configure/? returned response: <Response [200]>
2020-07-02 16:45:36,017 - instabot version: 0.117.0 (api) - DEBUG - POST to endpoint: qe/expose/ returned response: <Response [200]>
2020-07-02 16:45:36,020 - instabot version: 0.117.0 (bot_photo) - INFO - Photo '/home/walt/Desktop/___Code Categories___/_Social Media_/Bot_InsrtaCopyPosts (copy)/Downloaded_Instagram_Pictures/CCI2beTDYA1.jpg' is uploaded.
2020-07-02 18:40:20,483 - instabot version: 0.117.0 (bot) - INFO - Instabot version: 0.117.0 Started
2020-07-02 18:40:20,540 - instabot version: 0.117.0 (bot) - DEBUG - Bot imported from /usr/local/lib/python3.6/dist-packages/instabot/bot/bot.py
2020-07-02 18:40:20,553 - instabot version: 0.117.0 (api_login) - DEBUG - Loading cookies
2020-07-02 18:40:20,563 - instabot version: 0.117.0 (api_login) - DEBUG - Loading uuids
2020-07-02 18:40:20,568 - instabot version: 0.117.0 (api_login) - INFO - Recovery from /home/walt/Desktop/___Code Categories___/_Social Media_/Bot_InsrtaCopyPosts (copy)/config/Game_Revisto_uuid_and_cookie.json: COOKIE True - UUIDs True - TIMING, DEVICE and ...
- user-agent=Instagram 117.0.0.28.123 Android (28/9.0; 420dpi; 1080x1920; OnePlus; ONEPLUS A3003; OnePlus3; qcom; en_US; 180322800)
- phone_id=b697252d-f6d1-45e0-8137-64e31a29a7cf
- uuid=19d2ce08-b2be-42ca-876b-e6047be2a463
- client_session_id=1975e1a7-b8d6-42e6-8839-d653bb8c94c1
- device_id=android-1c85790544379d27
2020-07-02 18:40:20,658 - instabot version: 0.117.0 (api_login) - INFO - LOGIN FLOW! Just logged-in: False
2020-07-02 18:40:22,064 - instabot version: 0.117.0 (api) - DEBUG - POST to endpoint: feed/timeline/ returned response: <Response [200]>
2020-07-02 18:40:23,196 - instabot version: 0.117.0 (api) - DEBUG - POST to endpoint: feed/reels_tray/ returned response: <Response [200]>
2020-07-02 18:40:24,245 - instabot version: 0.117.0 (api) - DEBUG - POST to endpoint: direct_v2/ranked_recipients/ returned response: <Response [200]>
2020-07-02 18:40:25,316 - instabot version: 0.117.0 (api) - DEBUG - POST to endpoint: direct_v2/ranked_recipients/ returned response: <Response [200]>
2020-07-02 18:40:26,574 - instabot version: 0.117.0 (api) - DEBUG - POST to endpoint: direct_v2/inbox/ returned response: <Response [200]>
2020-07-02 18:40:27,657 - instabot version: 0.117.0 (api) - DEBUG - GET to endpoint: direct_v2/get_presence/ returned response: <Response [200]>
2020-07-02 18:40:30,047 - instabot version: 0.117.0 (api) - DEBUG - GET to endpoint: news/inbox/?limited_activity=true&show_su=true returned response: <Response [200]>
2020-07-02 18:40:30,670 - instabot version: 0.117.0 (api) - DEBUG - GET to endpoint: users/profile_notice/ returned response: <Response [200]>
2020-07-02 18:40:31,846 - instabot version: 0.117.0 (api) - DEBUG - POST to endpoint: discover/explore/ returned response: <Response [200]>
2020-07-02 18:40:31,851 - instabot version: 0.117.0 (api) - INFO - Logged-in successfully as 'Game_Revisto'!
2020-07-02 18:40:31,853 - instabot version: 0.117.0 (bot_checkpoint) - DEBUG - Loading Checkpoint file from: /home/walt/Desktop/___Code Categories___/_Social Media_/Bot_InsrtaCopyPosts (copy)/config/Game_Revisto.checkpoint
2020-07-02 18:40:57,085 - instabot version: 0.117.0 (api) - DEBUG - POST to endpoint: media/configure/? returned response: <Response [200]>
2020-07-02 18:40:57,829 - instabot version: 0.117.0 (api) - DEBUG - POST to endpoint: qe/expose/ returned response: <Response [200]>
2020-07-02 18:40:57,835 - instabot version: 0.117.0 (bot_photo) - INFO - Photo '/home/walt/Desktop/___Code Categories___/_Social Media_/Bot_InsrtaCopyPosts (copy)/Downloaded_Instagram_Pictures/CCI45bOj3Ad.jpg' is uploaded.
2020-07-02 18:54:53,228 - instabot version: 0.117.0 (bot) - INFO - Instabot version: 0.117.0 Started
2020-07-02 18:54:53,231 - instabot version: 0.117.0 (bot) - DEBUG - Bot imported from /usr/local/lib/python3.6/dist-packages/instabot/bot/bot.py
2020-07-02 18:54:53,232 - instabot version: 0.117.0 (api_login) - DEBUG - Loading cookies
2020-07-02 18:54:53,234 - instabot version: 0.117.0 (api_login) - DEBUG - Loading uuids
2020-07-02 18:54:53,236 - instabot version: 0.117.0 (api_login) - INFO - Recovery from /home/walt/Desktop/___Code Categories___/_Social Media_/Bot_InsrtaCopyPosts (copy)/config/Game_Revisto_uuid_and_cookie.json: COOKIE True - UUIDs True - TIMING, DEVICE and ...
- user-agent=Instagram 117.0.0.28.123 Android (28/9.0; 420dpi; 1080x1920; OnePlus; ONEPLUS A3003; OnePlus3; qcom; en_US; 180322800)
- phone_id=b697252d-f6d1-45e0-8137-64e31a29a7cf
- uuid=19d2ce08-b2be-42ca-876b-e6047be2a463
- client_session_id=63de9fe4-de57-403b-bcdb-188802da89bf
- device_id=android-1c85790544379d27
2020-07-02 18:54:53,267 - instabot version: 0.117.0 (api_login) - INFO - LOGIN FLOW! Just logged-in: False
2020-07-02 18:54:54,702 - instabot version: 0.117.0 (api) - DEBUG - POST to endpoint: feed/timeline/ returned response: <Response [200]>
2020-07-02 18:54:55,421 - instabot version: 0.117.0 (api) - DEBUG - POST to endpoint: feed/reels_tray/ returned response: <Response [200]>
2020-07-02 18:54:55,423 - instabot version: 0.117.0 (api) - INFO - Logged-in successfully as 'Game_Revisto'!
2020-07-02 18:54:55,425 - instabot version: 0.117.0 (bot_checkpoint) - DEBUG - Loading Checkpoint file from: /home/walt/Desktop/___Code Categories___/_Social Media_/Bot_InsrtaCopyPosts (copy)/config/Game_Revisto.checkpoint
2020-07-02 18:55:20,571 - instabot version: 0.117.0 (api) - DEBUG - POST to endpoint: media/configure/? returned response: <Response [200]>
2020-07-02 18:55:21,272 - instabot version: 0.117.0 (api) - DEBUG - POST to endpoint: qe/expose/ returned response: <Response [200]>
2020-07-02 18:55:21,273 - instabot version: 0.117.0 (bot_photo) - INFO - Photo '/home/walt/Desktop/___Code Categories___/_Social Media_/Bot_InsrtaCopyPosts (copy)/Downloaded_Instagram_Pictures/CCInOOsFYHk.jpg' is uploaded.
