2020-07-02 03:05:37,962 - instabot version: 0.117.0 (bot) - INFO - Instabot version: 0.117.0 Started
2020-07-02 03:05:37,963 - instabot version: 0.117.0 (bot) - DEBUG - Bot imported from /usr/local/lib/python3.6/dist-packages/instabot/bot/bot.py
2020-07-02 03:05:37,964 - instabot version: 0.117.0 (api_login) - DEBUG - Loading cookies
2020-07-02 03:05:37,964 - instabot version: 0.117.0 (api_login) - DEBUG - Loading uuids
2020-07-02 03:05:37,964 - instabot version: 0.117.0 (api_login) - INFO - Recovery from /home/walt/Desktop/___Code Categories___/_Social Media_/Bot_InsrtaCopyPosts/config/Game_Revisto_uuid_and_cookie.json: COOKIE True - UUIDs True - TIMING, DEVICE and ...
- user-agent=Instagram 117.0.0.28.123 Android (28/9.0; 420dpi; 1080x1920; OnePlus; ONEPLUS A3003; OnePlus3; qcom; en_US; 180322800)
- phone_id=b697252d-f6d1-45e0-8137-64e31a29a7cf
- uuid=19d2ce08-b2be-42ca-876b-e6047be2a463
- client_session_id=1fd36ae1-76b1-4f98-be37-ddf094d907d0
- device_id=android-1c85790544379d27
2020-07-02 03:05:37,964 - instabot version: 0.117.0 (api_login) - INFO - LOGIN FLOW! Just logged-in: False
2020-07-02 03:05:39,315 - instabot version: 0.117.0 (api) - DEBUG - POST to endpoint: feed/timeline/ returned response: <Response [200]>
2020-07-02 03:05:40,235 - instabot version: 0.117.0 (api) - DEBUG - POST to endpoint: feed/reels_tray/ returned response: <Response [200]>
2020-07-02 03:05:40,241 - instabot version: 0.117.0 (api) - INFO - Logged-in successfully as 'Game_Revisto'!
2020-07-02 03:05:40,246 - instabot version: 0.117.0 (bot_checkpoint) - DEBUG - Loading Checkpoint file from: /home/walt/Desktop/___Code Categories___/_Social Media_/Bot_InsrtaCopyPosts/config/Game_Revisto.checkpoint
2020-07-02 03:06:05,215 - instabot version: 0.117.0 (api) - DEBUG - POST to endpoint: media/configure/? returned response: <Response [200]>
2020-07-02 03:06:06,430 - instabot version: 0.117.0 (api) - DEBUG - POST to endpoint: qe/expose/ returned response: <Response [200]>
2020-07-02 03:06:06,430 - instabot version: 0.117.0 (bot_photo) - INFO - Photo '/home/walt/Desktop/___Code Categories___/_Social Media_/Bot_InsrtaCopyPosts/Downloaded_Instagram_Pictures/CCGbOVKFySX.jpg' is uploaded.
2020-07-02 03:08:06,351 - instabot version: 0.117.0 (bot_checkpoint) - DEBUG - Saving Checkpoint file to: /home/walt/Desktop/___Code Categories___/_Social Media_/Bot_InsrtaCopyPosts/config/Game_Revisto.checkpoint
2020-07-02 03:08:06,354 - instabot version: 0.117.0 (bot) - INFO - Total requests: 35
